<xml version="1.0">
    <project name="test_cases"/>
    <testcase classname="foo2" name="AnotherSuccessfulTest"/>
    <testcase classname="foo3" name="AFailingTest">
        <failure type="NotEnoughFoo"> details about failure </failure>
    </testcase>
</testsuite>
